Making check in gnulib
make[1]: Entering directory `/cygdrive/k/Misc/findutils/4.2.20/findutils-4.2.20/gnulib'
Making check in lib
make[2]: Entering directory `/cygdrive/k/Misc/findutils/4.2.20/findutils-4.2.20/gnulib/lib'
make  check-am
make[3]: Entering directory `/cygdrive/k/Misc/findutils/4.2.20/findutils-4.2.20/gnulib/lib'
make[3]: Niets te doen voor `check-am'.
make[3]: Leaving directory `/cygdrive/k/Misc/findutils/4.2.20/findutils-4.2.20/gnulib/lib'
make[2]: Leaving directory `/cygdrive/k/Misc/findutils/4.2.20/findutils-4.2.20/gnulib/lib'
Making check in m4
make[2]: Entering directory `/cygdrive/k/Misc/findutils/4.2.20/findutils-4.2.20/gnulib/m4'
make[2]: Niets te doen voor `check'.
make[2]: Leaving directory `/cygdrive/k/Misc/findutils/4.2.20/findutils-4.2.20/gnulib/m4'
make[2]: Entering directory `/cygdrive/k/Misc/findutils/4.2.20/findutils-4.2.20/gnulib'
make[2]: Niets te doen voor `check-am'.
make[2]: Leaving directory `/cygdrive/k/Misc/findutils/4.2.20/findutils-4.2.20/gnulib'
make[1]: Leaving directory `/cygdrive/k/Misc/findutils/4.2.20/findutils-4.2.20/gnulib'
Making check in lib
make[1]: Entering directory `/cygdrive/k/Misc/findutils/4.2.20/findutils-4.2.20/lib'
make  check-am
make[2]: Entering directory `/cygdrive/k/Misc/findutils/4.2.20/findutils-4.2.20/lib'
make[2]: Niets te doen voor `check-am'.
make[2]: Leaving directory `/cygdrive/k/Misc/findutils/4.2.20/findutils-4.2.20/lib'
make[1]: Leaving directory `/cygdrive/k/Misc/findutils/4.2.20/findutils-4.2.20/lib'
Making check in find
make[1]: Entering directory `/cygdrive/k/Misc/findutils/4.2.20/findutils-4.2.20/find'
Making check in testsuite
make[2]: Entering directory `/cygdrive/k/Misc/findutils/4.2.20/findutils-4.2.20/find/testsuite'
make  check-DEJAGNU
make[3]: Entering directory `/cygdrive/k/Misc/findutils/4.2.20/findutils-4.2.20/find/testsuite'
srcdir=`CDPATH="${ZSH_VERSION+.}:" && cd ../../../findutils-4.2.20-src/find/testsuite && pwd`; export srcdir; \
EXPECT=expect; export EXPECT; \
runtest=runtest; \
if /bin/sh -c "$runtest --version" > /dev/null 2>&1; then \
  l='find'; for tool in $l; do \
    $runtest  --tool $tool --srcdir $srcdir ; \
  done; \
else echo "WARNING: could not find \`runtest'" 1>&2; :;\
fi
WARNING: Couldn't find the global config file.
WARNING: Couldn't find tool init file
Test Run By KZLG on Sat Mar 19 01:01:00 2005
Native configuration is i386-pc-mingw32

		=== find tests ===

Schedule of variations:
    unix

Running target unix
Using /usr/share/dejagnu/baseboards/unix.exp as board description file for target.
Using /usr/share/dejagnu/config/unix.exp as generic interface file for target.
Using /cygdrive/k/Misc/findutils/4.2.20/findutils-4.2.20-src/find/testsuite/config/unix.exp as tool-and-target-specific interface file.
Running /cygdrive/k/Misc/findutils/4.2.20/findutils-4.2.20-src/find/testsuite/find.gnu/comma.exp ...
FAIL: comma, --- find.out	2005-03-19 01:01:01.250000000 +0100
+++ cmp.out	2005-03-19 01:01:01.281250000 +0100
@@ -1 +1 @@
-.
+.
child process exited abnormally
Running /cygdrive/k/Misc/findutils/4.2.20/findutils-4.2.20-src/find/testsuite/find.gnu/depth.exp ...
FAIL: depth, --- find.out	2005-03-19 01:01:01.656250000 +0100
+++ cmp.out	2005-03-19 01:01:01.687500000 +0100
@@ -1 +1 @@
-tmp/top/two
+tmp/top/two
child process exited abnormally
Running /cygdrive/k/Misc/findutils/4.2.20/findutils-4.2.20-src/find/testsuite/find.gnu/exec-many-rtn-failure.exp ...
FAIL: exec-many-rtn-failure, --- find.out	2005-03-19 01:01:01.953125000 +0100
+++ cmp.out	2005-03-19 01:01:01.968750000 +0100
@@ -1 +1 @@
-yep
+yep
child process exited abnormally
Running /cygdrive/k/Misc/findutils/4.2.20/findutils-4.2.20-src/find/testsuite/find.gnu/exec-many-rtn-success.exp ...
FAIL: exec-many-rtn-success, --- find.out	2005-03-19 01:01:02.203125000 +0100
+++ cmp.out	2005-03-19 01:01:02.218750000 +0100
@@ -1 +1 @@
-yep
+yep
child process exited abnormally
Running /cygdrive/k/Misc/findutils/4.2.20/findutils-4.2.20-src/find/testsuite/find.gnu/exec-one-rtn-fail.exp ...
FAIL: exec-one-rtn-fail, k:\Misc\findutils\4.2.20\findutils-4.2.20\find\find.exe: false terminated by signal 1
Running /cygdrive/k/Misc/findutils/4.2.20/findutils-4.2.20-src/find/testsuite/find.gnu/exec-one-rtn-success.exp ...
FAIL: exec-one-rtn-success, --- find.out	2005-03-19 01:01:02.640625000 +0100
+++ cmp.out	2005-03-19 01:01:02.671875000 +0100
@@ -1 +1 @@
-yep
+yep
child process exited abnormally
Running /cygdrive/k/Misc/findutils/4.2.20/findutils-4.2.20-src/find/testsuite/find.gnu/execdir-root-only.exp ...
Running /cygdrive/k/Misc/findutils/4.2.20/findutils-4.2.20-src/find/testsuite/find.gnu/follow-arg-parent-symlink.exp ...
FAIL: follow-arg-parent-symlink, k:\Misc\findutils\4.2.20\findutils-4.2.20\find\find.exe: tmp/link1: Bad file descriptor
Running /cygdrive/k/Misc/findutils/4.2.20/findutils-4.2.20-src/find/testsuite/find.gnu/name-opt.exp ...
Running /cygdrive/k/Misc/findutils/4.2.20/findutils-4.2.20-src/find/testsuite/find.gnu/name-period.exp ...
FAIL: name-period, --- find.out	2005-03-19 01:01:04.062500000 +0100
+++ cmp.out	2005-03-19 01:01:04.078125000 +0100
@@ -1,2 +1,2 @@
-tmp/top/.one
-tmp/top/bane
+tmp/top/.one
+tmp/top/bane
child process exited abnormally
Running /cygdrive/k/Misc/findutils/4.2.20/findutils-4.2.20-src/find/testsuite/find.gnu/perm.exp ...
FAIL: perm, --- find.out	2005-03-19 01:01:04.281250000 +0100
+++ cmp.out	2005-03-19 01:01:04.453125000 +0100
@@ -0,0 +1 @@
+tmp
child process exited abnormally
Running /cygdrive/k/Misc/findutils/4.2.20/findutils-4.2.20-src/find/testsuite/find.gnu/posix-dflt.exp ...
FAIL: posix-dflt, k:\Misc\findutils\4.2.20\findutils-4.2.20\find\find.exe: tmp/LINK: No such file or directory
k:\Misc\findutils\4.2.20\findutils-4.2.20\find\find.exe: tmp/BROKEN: No such file or directory
Running /cygdrive/k/Misc/findutils/4.2.20/findutils-4.2.20-src/find/testsuite/find.gnu/posix-h.exp ...
FAIL: posix-h, k:\Misc\findutils\4.2.20\findutils-4.2.20\find\find.exe: tmp/LINK: No such file or directory
k:\Misc\findutils\4.2.20\findutils-4.2.20\find\find.exe: tmp/BROKEN: No such file or directory
Running /cygdrive/k/Misc/findutils/4.2.20/findutils-4.2.20-src/find/testsuite/find.gnu/posix-l.exp ...
FAIL: posix-l, k:\Misc\findutils\4.2.20\findutils-4.2.20\find\find.exe: tmp/LINK: No such file or directory
k:\Misc\findutils\4.2.20\findutils-4.2.20\find\find.exe: tmp/BROKEN: No such file or directory
Running /cygdrive/k/Misc/findutils/4.2.20/findutils-4.2.20-src/find/testsuite/find.gnu/printf-h.exp ...
FAIL: printf-h, --- find.out	2005-03-19 01:01:05.906250000 +0100
+++ cmp.out	2005-03-19 01:01:05.921875000 +0100
@@ -1 +1 @@
-RESULT: . tmp
+RESULT: . tmp
child process exited abnormally
Running /cygdrive/k/Misc/findutils/4.2.20/findutils-4.2.20-src/find/testsuite/find.gnu/printf-symlink.exp ...
FAIL: printf-symlink, k:\Misc\findutils\4.2.20\findutils-4.2.20\find\find.exe: tmp/LINK: No such file or directory
Running /cygdrive/k/Misc/findutils/4.2.20/findutils-4.2.20-src/find/testsuite/find.gnu/printf.exp ...
FAIL: printf, --- find.out	2005-03-19 01:01:06.593750000 +0100
+++ cmp.out	2005-03-19 01:01:06.625000000 +0100
@@ -1,11 +1,11 @@
-a 1
-b file
-c tmp
-d tmp
-e 
-f 666
-g 1
-h tmp/file
-i file
-j f
-k f
+a 1
+b file
+c tmp
+d tmp
+e 
+f 600
+g 1
+h tmp/file
+i file
+j f
+k f
child process exited abnormally
Running /cygdrive/k/Misc/findutils/4.2.20/findutils-4.2.20-src/find/testsuite/find.gnu/prune-default-print.exp ...
FAIL: prune-default-print, --- find.out	2005-03-19 01:01:06.890625000 +0100
+++ cmp.out	2005-03-19 01:01:06.906250000 +0100
@@ -1 +1 @@
-tmp
+tmp
child process exited abnormally
Running /cygdrive/k/Misc/findutils/4.2.20/findutils-4.2.20-src/find/testsuite/find.gnu/sv-bug-12230.exp ...
Running /cygdrive/k/Misc/findutils/4.2.20/findutils-4.2.20-src/find/testsuite/find.gnu/xtype-symlink.exp ...
FAIL: xtype-symlink, k:\Misc\findutils\4.2.20\findutils-4.2.20\find\find.exe: tmp/LINK: No such file or directory
Running /cygdrive/k/Misc/findutils/4.2.20/findutils-4.2.20-src/find/testsuite/find.posix/depth1.exp ...
FAIL: depth1, --- find.out	2005-03-19 01:01:08.125000000 +0100
+++ cmp.out	2005-03-19 01:01:08.140625000 +0100
@@ -1,11 +1,11 @@
-tmp/1
-tmp/1/2
-tmp/1/2/20
-tmp/1/2/3
-tmp/1/2/37
-tmp/1/2/54
-tmp/1/2/55
-tmp/1/2/55/56
-tmp/1/2/55/57
-tmp/1/2/55/58
-tmp/1/2/55/59
+tmp/1
+tmp/1/2
+tmp/1/2/20
+tmp/1/2/3
+tmp/1/2/37
+tmp/1/2/54
+tmp/1/2/55
+tmp/1/2/55/56
+tmp/1/2/55/57
+tmp/1/2/55/58
+tmp/1/2/55/59
child process exited abnormally
Running /cygdrive/k/Misc/findutils/4.2.20/findutils-4.2.20-src/find/testsuite/find.posix/sizes.exp ...
FAIL: sizes, --- find.out	2005-03-19 01:01:08.875000000 +0100
+++ cmp.out	2005-03-19 01:01:08.906250000 +0100
@@ -1,10 +1,10 @@
-A size -1: 0 tmp/0-bytes
-B size  1: 511 tmp/511-bytes
-B size  1: 512 tmp/512-bytes
-C size +1: 1024 tmp/1024-bytes
-C size +1: 513 tmp/513-bytes
-G size -2: 0 tmp/0-bytes
-G size -2: 511 tmp/511-bytes
-G size -2: 512 tmp/512-bytes
-H size  2: 1024 tmp/1024-bytes
-H size  2: 513 tmp/513-bytes
+A size -1: 0 tmp/0-bytes
+B size  1: 511 tmp/511-bytes
+B size  1: 512 tmp/512-bytes
+C size +1: 1024 tmp/1024-bytes
+C size +1: 513 tmp/513-bytes
+G size -2: 0 tmp/0-bytes
+G size -2: 511 tmp/511-bytes
+G size -2: 512 tmp/512-bytes
+H size  2: 1024 tmp/1024-bytes
+H size  2: 513 tmp/513-bytes
child process exited abnormally
Running /cygdrive/k/Misc/findutils/4.2.20/findutils-4.2.20-src/find/testsuite/find.posix/sv-bug-11175.exp ...
FAIL: sv-bug-11175, --- find.out	2005-03-19 01:01:09.265625000 +0100
+++ cmp.out	2005-03-19 01:01:09.296875000 +0100
@@ -1 +1 @@
-tmp/noxdir
+tmp/noxdir
child process exited abnormally
Running /cygdrive/k/Misc/findutils/4.2.20/findutils-4.2.20-src/find/testsuite/find.posix/sv-bug-12181.exp ...
FAIL: sv-bug-12181, k:\Misc\findutils\4.2.20\findutils-4.2.20\find\find.exe: link: No such file or directory

		=== find Summary ===

# of expected passes		3
# of unexpected failures	21
/cygdrive/k/Misc/findutils/4.2.20/findutils-4.2.20/find/testsuite/../find version 4.2.20
Features enabled: CACHE_IDS D_TYPE 

make[3]: [check-DEJAGNU] Fout 1 (genegeerd)
make[3]: Leaving directory `/cygdrive/k/Misc/findutils/4.2.20/findutils-4.2.20/find/testsuite'
make[2]: Leaving directory `/cygdrive/k/Misc/findutils/4.2.20/findutils-4.2.20/find/testsuite'
make[2]: Entering directory `/cygdrive/k/Misc/findutils/4.2.20/findutils-4.2.20/find'
make[2]: Niets te doen voor `check-am'.
make[2]: Leaving directory `/cygdrive/k/Misc/findutils/4.2.20/findutils-4.2.20/find'
make[1]: Leaving directory `/cygdrive/k/Misc/findutils/4.2.20/findutils-4.2.20/find'
Making check in xargs
make[1]: Entering directory `/cygdrive/k/Misc/findutils/4.2.20/findutils-4.2.20/xargs'
Making check in testsuite
make[2]: Entering directory `/cygdrive/k/Misc/findutils/4.2.20/findutils-4.2.20/xargs/testsuite'
make  check-DEJAGNU
make[3]: Entering directory `/cygdrive/k/Misc/findutils/4.2.20/findutils-4.2.20/xargs/testsuite'
Making a new site.exp file...
srcdir=`CDPATH="${ZSH_VERSION+.}:" && cd ../../../findutils-4.2.20-src/xargs/testsuite && pwd`; export srcdir; \
EXPECT=expect; export EXPECT; \
runtest=runtest; \
if /bin/sh -c "$runtest --version" > /dev/null 2>&1; then \
  l='xargs'; for tool in $l; do \
    $runtest  --tool $tool --srcdir $srcdir ; \
  done; \
else echo "WARNING: could not find \`runtest'" 1>&2; :;\
fi
WARNING: Couldn't find the global config file.
WARNING: Couldn't find tool init file
Test Run By KZLG on Sat Mar 19 01:01:12 2005
Native configuration is i386-pc-mingw32

		=== xargs tests ===

Schedule of variations:
    unix

Running target unix
Using /usr/share/dejagnu/baseboards/unix.exp as board description file for target.
Using /usr/share/dejagnu/config/unix.exp as generic interface file for target.
Using /cygdrive/k/Misc/findutils/4.2.20/findutils-4.2.20-src/xargs/testsuite/config/unix.exp as tool-and-target-specific interface file.
Running /cygdrive/k/Misc/findutils/4.2.20/findutils-4.2.20-src/xargs/testsuite/xargs.gnu/0n3.exp ...
FAIL: 0n3, wrong stdout output: xargs.out /cygdrive/k/Misc/findutils/4.2.20/findutils-4.2.20-src/xargs/testsuite/xargs.gnu/0n3.xo verschillen: byte 88, regel 1
child process exited abnormally
Running /cygdrive/k/Misc/findutils/4.2.20/findutils-4.2.20-src/xargs/testsuite/xargs.gnu/nothing.exp ...
FAIL: nothing, wrong stdout output: xargs.out /cygdrive/k/Misc/findutils/4.2.20/findutils-4.2.20-src/xargs/testsuite/xargs.gnu/nothing.xo verschillen: byte 15, regel 1
child process exited abnormally
Running /cygdrive/k/Misc/findutils/4.2.20/findutils-4.2.20-src/xargs/testsuite/xargs.gnu/r.exp ...
Running /cygdrive/k/Misc/findutils/4.2.20/findutils-4.2.20-src/xargs/testsuite/xargs.posix/hithere.exp ...
FAIL: hithere, wrong stdout output: xargs.out /cygdrive/k/Misc/findutils/4.2.20/findutils-4.2.20-src/xargs/testsuite/xargs.posix/hithere.xo verschillen: byte 432, regel 1
child process exited abnormally
Running /cygdrive/k/Misc/findutils/4.2.20/findutils-4.2.20-src/xargs/testsuite/xargs.posix/l2.exp ...
FAIL: l2, wrong stdout output: xargs.out /cygdrive/k/Misc/findutils/4.2.20/findutils-4.2.20-src/xargs/testsuite/xargs.posix/l2.xo verschillen: byte 41, regel 1
child process exited abnormally
Running /cygdrive/k/Misc/findutils/4.2.20/findutils-4.2.20-src/xargs/testsuite/xargs.posix/n3.exp ...
FAIL: n3, wrong stdout output: xargs.out /cygdrive/k/Misc/findutils/4.2.20/findutils-4.2.20-src/xargs/testsuite/xargs.posix/n3.xo verschillen: byte 88, regel 1
child process exited abnormally
Running /cygdrive/k/Misc/findutils/4.2.20/findutils-4.2.20-src/xargs/testsuite/xargs.posix/quotes.exp ...
FAIL: quotes, wrong stdout output: xargs.out /cygdrive/k/Misc/findutils/4.2.20/findutils-4.2.20-src/xargs/testsuite/xargs.posix/quotes.xo verschillen: byte 16, regel 1
child process exited abnormally
Running /cygdrive/k/Misc/findutils/4.2.20/findutils-4.2.20-src/xargs/testsuite/xargs.posix/s47.exp ...
FAIL: s47, wrong stdout output: xargs.out /cygdrive/k/Misc/findutils/4.2.20/findutils-4.2.20-src/xargs/testsuite/xargs.posix/s47.xo verschillen: byte 23, regel 1
child process exited abnormally
Running /cygdrive/k/Misc/findutils/4.2.20/findutils-4.2.20-src/xargs/testsuite/xargs.posix/s470.exp ...
FAIL: s470, wrong stdout output: xargs.out /cygdrive/k/Misc/findutils/4.2.20/findutils-4.2.20-src/xargs/testsuite/xargs.posix/s470.xo verschillen: byte 459, regel 1
child process exited abnormally
Running /cygdrive/k/Misc/findutils/4.2.20/findutils-4.2.20-src/xargs/testsuite/xargs.posix/s48.exp ...
FAIL: s48, wrong stdout output: xargs.out /cygdrive/k/Misc/findutils/4.2.20/findutils-4.2.20-src/xargs/testsuite/xargs.posix/s48.xo verschillen: byte 23, regel 1
child process exited abnormally
Running /cygdrive/k/Misc/findutils/4.2.20/findutils-4.2.20-src/xargs/testsuite/xargs.posix/s6.exp ...
Running /cygdrive/k/Misc/findutils/4.2.20/findutils-4.2.20-src/xargs/testsuite/xargs.posix/savannah-11865.exp ...
FAIL: savannah-11865, wrong stdout output: xargs.out /cygdrive/k/Misc/findutils/4.2.20/findutils-4.2.20-src/xargs/testsuite/xargs.posix/savannah-11865.xo verschillen: byte 51, regel 1
child process exited abnormally
Running /cygdrive/k/Misc/findutils/4.2.20/findutils-4.2.20-src/xargs/testsuite/xargs.sysv/eEOF.exp ...
FAIL: eEOF, wrong stdout output: xargs.out /cygdrive/k/Misc/findutils/4.2.20/findutils-4.2.20-src/xargs/testsuite/xargs.sysv/eEOF.xo verschillen: byte 21, regel 1
child process exited abnormally
Running /cygdrive/k/Misc/findutils/4.2.20/findutils-4.2.20-src/xargs/testsuite/xargs.sysv/eof.exp ...
FAIL: eof, wrong stdout output: xargs.out /cygdrive/k/Misc/findutils/4.2.20/findutils-4.2.20-src/xargs/testsuite/xargs.sysv/eof.xo verschillen: byte 21, regel 1
child process exited abnormally
Running /cygdrive/k/Misc/findutils/4.2.20/findutils-4.2.20-src/xargs/testsuite/xargs.sysv/iARG.exp ...
FAIL: iARG, wrong stdout output: xargs.out /cygdrive/k/Misc/findutils/4.2.20/findutils-4.2.20-src/xargs/testsuite/xargs.sysv/iARG.xo verschillen: byte 51, regel 1
child process exited abnormally
Running /cygdrive/k/Misc/findutils/4.2.20/findutils-4.2.20-src/xargs/testsuite/xargs.sysv/iquotes.exp ...
FAIL: iquotes, wrong stdout output: xargs.out /cygdrive/k/Misc/findutils/4.2.20/findutils-4.2.20-src/xargs/testsuite/xargs.sysv/iquotes.xo verschillen: byte 20, regel 1
child process exited abnormally
Running /cygdrive/k/Misc/findutils/4.2.20/findutils-4.2.20-src/xargs/testsuite/xargs.sysv/l1n4.exp ...
FAIL: l1n4, wrong stdout output: xargs.out /cygdrive/k/Misc/findutils/4.2.20/findutils-4.2.20-src/xargs/testsuite/xargs.sysv/l1n4.xo verschillen: byte 119, regel 1
child process exited abnormally
Running /cygdrive/k/Misc/findutils/4.2.20/findutils-4.2.20-src/xargs/testsuite/xargs.sysv/l2.exp ...
FAIL: l2, wrong stdout output: xargs.out /cygdrive/k/Misc/findutils/4.2.20/findutils-4.2.20-src/xargs/testsuite/xargs.sysv/l2.xo verschillen: byte 53, regel 1
child process exited abnormally
Running /cygdrive/k/Misc/findutils/4.2.20/findutils-4.2.20-src/xargs/testsuite/xargs.sysv/trace.exp ...
FAIL: trace, wrong stdout output: xargs.out /cygdrive/k/Misc/findutils/4.2.20/findutils-4.2.20-src/xargs/testsuite/xargs.sysv/trace.xo verschillen: byte 8, regel 1
child process exited abnormally

		=== xargs Summary ===

# of expected passes		2
# of unexpected failures	17
/cygdrive/k/Misc/findutils/4.2.20/findutils-4.2.20/xargs/testsuite/../xargs version 4.2.20

make[3]: [check-DEJAGNU] Fout 1 (genegeerd)
make[3]: Leaving directory `/cygdrive/k/Misc/findutils/4.2.20/findutils-4.2.20/xargs/testsuite'
make[2]: Leaving directory `/cygdrive/k/Misc/findutils/4.2.20/findutils-4.2.20/xargs/testsuite'
make[2]: Entering directory `/cygdrive/k/Misc/findutils/4.2.20/findutils-4.2.20/xargs'
make[2]: Niets te doen voor `check-am'.
make[2]: Leaving directory `/cygdrive/k/Misc/findutils/4.2.20/findutils-4.2.20/xargs'
make[1]: Leaving directory `/cygdrive/k/Misc/findutils/4.2.20/findutils-4.2.20/xargs'
Making check in locate
make[1]: Entering directory `/cygdrive/k/Misc/findutils/4.2.20/findutils-4.2.20/locate'
Making check in testsuite
make[2]: Entering directory `/cygdrive/k/Misc/findutils/4.2.20/findutils-4.2.20/locate/testsuite'
make  check-DEJAGNU
make[3]: Entering directory `/cygdrive/k/Misc/findutils/4.2.20/findutils-4.2.20/locate/testsuite'
Making a new site.exp file...
srcdir=`CDPATH="${ZSH_VERSION+.}:" && cd ../../../findutils-4.2.20-src/locate/testsuite && pwd`; export srcdir; \
EXPECT=expect; export EXPECT; \
runtest=runtest; \
if /bin/sh -c "$runtest --version" > /dev/null 2>&1; then \
  l='locate'; for tool in $l; do \
    $runtest  --tool $tool --srcdir $srcdir ; \
  done; \
else echo "WARNING: could not find \`runtest'" 1>&2; :;\
fi
WARNING: Couldn't find the global config file.
WARNING: Couldn't find tool init file
Test Run By KZLG on Sat Mar 19 01:01:33 2005
Native configuration is i386-pc-mingw32

		=== locate tests ===

Schedule of variations:
    unix

Running target unix
Using /usr/share/dejagnu/baseboards/unix.exp as board description file for target.
Using /usr/share/dejagnu/config/unix.exp as generic interface file for target.
Using /cygdrive/k/Misc/findutils/4.2.20/findutils-4.2.20-src/locate/testsuite/config/unix.exp as tool-and-target-specific interface file.
Running /cygdrive/k/Misc/findutils/4.2.20/findutils-4.2.20-src/locate/testsuite/locate.gnu/ignore_case1.exp ...
FAIL: ignore_case1, k:\Misc\findutils\4.2.20\findutils-4.2.20\locate\locate.exe: tmp/locatedb: No such file or directory
Running /cygdrive/k/Misc/findutils/4.2.20/findutils-4.2.20-src/locate/testsuite/locate.gnu/ignore_case2.exp ...
Running /cygdrive/k/Misc/findutils/4.2.20/findutils-4.2.20-src/locate/testsuite/locate.gnu/ignore_case3.exp ...
FAIL: ignore_case3, k:\Misc\findutils\4.2.20\findutils-4.2.20\locate\locate.exe: tmp/locatedb: No such file or directory
Running /cygdrive/k/Misc/findutils/4.2.20/findutils-4.2.20-src/locate/testsuite/locate.gnu/regex1.exp ...

		=== locate Summary ===

# of expected passes		9
# of unexpected failures	2
/cygdrive/k/Misc/findutils/4.2.20/findutils-4.2.20/locate/testsuite/../locate version 4.2.20

make[3]: [check-DEJAGNU] Fout 1 (genegeerd)
make[3]: Leaving directory `/cygdrive/k/Misc/findutils/4.2.20/findutils-4.2.20/locate/testsuite'
make[2]: Leaving directory `/cygdrive/k/Misc/findutils/4.2.20/findutils-4.2.20/locate/testsuite'
make[2]: Entering directory `/cygdrive/k/Misc/findutils/4.2.20/findutils-4.2.20/locate'
make[2]: Niets te doen voor `check-am'.
make[2]: Leaving directory `/cygdrive/k/Misc/findutils/4.2.20/findutils-4.2.20/locate'
make[1]: Leaving directory `/cygdrive/k/Misc/findutils/4.2.20/findutils-4.2.20/locate'
Making check in doc
make[1]: Entering directory `/cygdrive/k/Misc/findutils/4.2.20/findutils-4.2.20/doc'
make[1]: Niets te doen voor `check'.
make[1]: Leaving directory `/cygdrive/k/Misc/findutils/4.2.20/findutils-4.2.20/doc'
Making check in po
make[1]: Entering directory `/cygdrive/k/Misc/findutils/4.2.20/findutils-4.2.20/po'
make[1]: Niets te doen voor `check'.
make[1]: Leaving directory `/cygdrive/k/Misc/findutils/4.2.20/findutils-4.2.20/po'
Making check in m4
make[1]: Entering directory `/cygdrive/k/Misc/findutils/4.2.20/findutils-4.2.20/m4'
make[1]: Niets te doen voor `check'.
make[1]: Leaving directory `/cygdrive/k/Misc/findutils/4.2.20/findutils-4.2.20/m4'
make[1]: Entering directory `/cygdrive/k/Misc/findutils/4.2.20/findutils-4.2.20'
make[1]: Leaving directory `/cygdrive/k/Misc/findutils/4.2.20/findutils-4.2.20'
